生成启动时间为 2018/7/15 22:37:09。
     1>项目“C:\Users\HU\Documents\Visual Studio 2012\Projects\学生宿舍\学生宿舍\学生宿舍.vcxproj”在节点 2 上(Build 个目标)。
     1>ResourceCompile:
         C:\Program Files (x86)\Windows Kits\8.0\bin\x86\rc.exe /D _DEBUG /D _AFXDLL /l"0x0804" /IDebug\ /nologo /fo"Debug\学生宿舍.res" "学生宿舍.rc" 
       Link:
         C:\Program Files (x86)\Microsoft Visual Studio 11.0\VC\bin\link.exe /ERRORREPORT:PROMPT /OUT:"C:\Users\HU\Documents\Visual Studio 2012\Projects\学生宿舍\Debug\学生宿舍.exe" /INCREMENTAL /NOLOGO odbc32.lib /MANIFEST /MANIFESTUAC:"level='asInvoker' uiAccess='false'" /manifest:embed /manifestinput:"C:\Program Files (x86)\Microsoft Visual Studio 11.0\VC\Include\Manifest\dpiaware.manifest" /DEBUG /PDB:"C:\Users\HU\Documents\Visual Studio 2012\Projects\学生宿舍\Debug\学生宿舍.pdb" /SUBSYSTEM:WINDOWS /TLBID:1 /DYNAMICBASE /NXCOMPAT /IMPLIB:"C:\Users\HU\Documents\Visual Studio 2012\Projects\学生宿舍\Debug\学生宿舍.lib" /MACHINE:X86 "Debug\学生宿舍.res"
         Debug\account.obj
         Debug\AddDlg.obj
         Debug\Change.obj
         Debug\Operation.obj
         Debug\Register.obj
         Debug\stdafx.obj
         Debug\student.obj
         Debug\trueChange.obj
         "Debug\学生宿舍.obj"
         "Debug\学生宿舍Dlg.obj"
         学生宿舍.vcxproj -> C:\Users\HU\Documents\Visual Studio 2012\Projects\学生宿舍\Debug\学生宿舍.exe
     1>已完成生成项目“C:\Users\HU\Documents\Visual Studio 2012\Projects\学生宿舍\学生宿舍\学生宿舍.vcxproj”(Build 个目标)的操作。

生成成功。

已用时间 00:00:00.40
